SF:lib/features/car_management/data/source/local/car_management_local_data_source.dart
DA:16,1
DA:19,2
DA:20,1
DA:22,0
DA:26,1
DA:29,2
DA:30,1
DA:31,1
DA:35,1
DA:38,2
DA:39,1
DA:40,2
DA:41,2
DA:42,2
DA:43,1
DA:44,5
DA:46,2
DA:47,1
DA:49,1
DA:52,1
DA:55,0
LF:21
LH:19
end_of_record
SF:lib/features/car_management/data/source/remote/car_management_remote_data_source.dart
DA:13,1
DA:14,2
DA:15,1
LF:3
LH:3
end_of_record
SF:lib/features/car_management/data/models/form_fields_response_model/field_model.dart
DA:18,5
DA:20,2
DA:21,1
DA:22,1
DA:23,1
DA:25,0
DA:26,1
DA:28,0
DA:29,1
DA:32,2
DA:33,1
DA:34,1
DA:35,2
DA:36,2
DA:37,1
LF:15
LH:13
end_of_record
SF:lib/features/car_management/data/models/form_fields_response_model/options_model.dart
DA:5,3
DA:7,2
DA:8,1
DA:9,1
DA:12,2
DA:13,1
DA:14,1
LF:7
LH:7
end_of_record
SF:lib/features/car_management/data/models/form_fields_response_model/props_model.dart
DA:13,6
DA:23,2
DA:24,1
DA:25,1
DA:26,1
DA:27,1
DA:28,1
DA:29,1
DA:30,1
DA:31,1
DA:32,0
DA:33,0
DA:35,4
DA:36,2
DA:37,2
DA:38,2
DA:39,2
DA:40,2
DA:41,2
DA:42,2
DA:43,2
LF:21
LH:19
end_of_record
SF:lib/features/car_management/data/models/form_fields_response_model/style_model.dart
DA:6,5
DA:8,2
DA:9,1
DA:10,1
DA:11,1
DA:14,4
DA:15,2
DA:16,2
DA:17,2
LF:9
LH:9
end_of_record
SF:lib/features/car_management/data/repository/car_management_repository_impl.dart
DA:19,1
DA:23,0
DA:24,0
DA:25,0
DA:29,3
DA:30,2
DA:31,2
DA:32,1
DA:34,0
DA:36,1
DA:40,1
DA:42,1
DA:43,5
DA:44,3
DA:45,1
DA:47,1
DA:51,1
DA:54,3
DA:55,1
DA:57,2
DA:61,1
DA:64,3
DA:65,1
DA:67,2
DA:71,1
DA:74,3
DA:75,1
DA:77,2
LF:28
LH:24
end_of_record
SF:lib/configs/di.dart
DA:10,33
DA:12,0
DA:18,0
DA:19,0
DA:21,0
DA:22,0
DA:26,1
DA:27,2
DA:29,0
DA:33,2
DA:34,1
DA:35,0
DA:36,0
DA:37,0
DA:39,0
DA:41,0
DA:42,0
DA:44,0
DA:46,0
DA:49,0
DA:51,0
DA:54,0
DA:55,0
DA:56,0
DA:58,0
DA:60,0
DA:62,0
DA:71,0
DA:72,0
DA:74,0
DA:75,0
LF:31
LH:5
end_of_record
SF:lib/features/car_management/data/models/car_attribute_model.dart
DA:18,5
LF:1
LH:1
end_of_record
SF:lib/features/car_management/data/models/car_attribute_model.g.dart
DA:13,1
DA:15,1
DA:16,1
DA:17,5
DA:19,1
DA:20,1
DA:21,1
DA:22,1
DA:23,2
DA:27,2
DA:30,2
DA:31,2
DA:32,4
DA:33,2
DA:34,4
DA:35,2
DA:36,4
DA:37,2
DA:38,4
DA:41,0
DA:42,0
DA:44,0
DA:47,0
DA:48,0
DA:49,0
LF:25
LH:19
end_of_record
SF:lib/core/utils/data_states.dart
DA:5,10
DA:9,20
DA:13,16
LF:3
LH:3
end_of_record
SF:lib/features/car_management/data/models/form_fields_response_model/form_fields_response_model.dart
DA:6,6
DA:8,5
DA:9,5
DA:10,5
DA:11,0
DA:12,0
DA:16,2
DA:17,1
LF:8
LH:6
end_of_record
SF:lib/features/car_management/data/models/get_cars_response_model.dart
DA:8,4
LF:1
LH:1
end_of_record
SF:lib/core/utils/utils.dart
DA:4,2
DA:5,2
DA:6,1
DA:7,1
DA:8,1
DA:9,2
DA:12,4
DA:13,1
DA:14,1
DA:15,1
DA:16,2
DA:19,4
DA:20,1
DA:21,1
DA:22,1
DA:23,2
DA:26,2
DA:27,2
DA:28,2
DA:29,4
DA:32,1
DA:33,1
DA:34,1
DA:37,1
DA:38,2
DA:40,1
DA:41,1
DA:42,1
DA:43,2
DA:44,1
DA:47,1
DA:48,2
DA:50,1
DA:51,1
DA:52,1
DA:53,2
DA:54,1
DA:55,0
DA:56,0
DA:65,0
DA:68,2
DA:69,2
DA:70,2
DA:71,1
DA:72,2
DA:75,1
DA:76,1
DA:77,1
DA:78,1
DA:79,1
DA:80,1
DA:81,1
DA:82,0
LF:53
LH:49
end_of_record
SF:lib/core/utils/validators.dart
DA:1,2
DA:2,4
DA:3,2
DA:8,1
DA:10,1
LF:5
LH:5
end_of_record
SF:lib/core/utils/extentions.dart
DA:5,3
DA:6,18
DA:9,1
DA:10,6
DA:13,4
DA:14,2
DA:19,6
DA:20,3
DA:25,2
DA:26,1
DA:27,1
DA:34,3
DA:35,6
LF:13
LH:13
end_of_record
SF:lib/core/widgets/animated_expanded_widget.dart
DA:7,1
DA:13,1
DA:14,1
DA:22,1
DA:24,1
DA:25,1
DA:26,1
DA:30,1
DA:31,2
DA:33,2
DA:34,1
DA:39,1
DA:40,2
DA:41,2
DA:43,2
DA:47,1
DA:49,1
DA:50,1
DA:53,1
DA:55,2
DA:56,1
DA:59,1
DA:61,1
DA:62,2
DA:64,1
DA:65,2
LF:26
LH:26
end_of_record
SF:lib/features/car_management/domain/use_cases/get_all_cars_use_case.dart
DA:9,3
DA:11,9
LF:2
LH:2
end_of_record
SF:lib/features/car_management/domain/use_cases/delete_car_use_case.dart
DA:7,2
DA:9,6
LF:2
LH:2
end_of_record
SF:lib/features/car_management/domain/use_cases/get_form_fields_use_case.dart
DA:9,3
DA:11,9
LF:2
LH:2
end_of_record
SF:lib/features/car_management/presentation/blocs/delete_car/delete_car_bloc.dart
DA:10,3
DA:11,2
DA:12,3
DA:13,3
DA:14,1
DA:15,2
DA:17,3
LF:7
LH:7
end_of_record
SF:lib/features/car_management/presentation/blocs/delete_car/delete_car_event.dart
DA:9,1
LF:1
LH:1
end_of_record
SF:lib/features/car_management/presentation/blocs/delete_car/delete_car_state.dart
DA:11,1
DA:19,1
LF:2
LH:2
end_of_record
SF:lib/features/car_management/presentation/blocs/get_cars/get_cars_state.dart
DA:13,2
LF:1
LH:1
end_of_record
SF:lib/features/car_management/presentation/blocs/get_cars/get_cars_bloc.dart
DA:11,6
DA:12,4
DA:13,4
DA:14,4
DA:15,2
DA:16,6
DA:18,2
LF:7
LH:7
end_of_record
SF:lib/features/car_management/presentation/blocs/add_new_car/add_new_car_bloc.dart
DA:11,6
DA:12,4
DA:13,4
DA:14,6
DA:15,2
DA:16,4
DA:18,3
LF:7
LH:7
end_of_record
SF:lib/features/car_management/presentation/blocs/add_new_car/add_new_car_event.dart
DA:9,2
LF:1
LH:1
end_of_record
SF:lib/features/car_management/presentation/blocs/add_new_car/add_new_car_state.dart
DA:15,1
LF:1
LH:1
end_of_record
SF:lib/features/car_management/domain/use_cases/add_new_car_use_case.dart
DA:9,2
DA:11,6
LF:2
LH:2
end_of_record
SF:lib/features/car_management/presentation/blocs/get_form_fields/get_form_fields_state.dart
DA:13,2
DA:19,1
LF:2
LH:2
end_of_record
SF:lib/features/car_management/presentation/blocs/get_form_fields/get_form_fields_bloc.dart
DA:11,6
DA:12,4
DA:13,4
DA:14,4
DA:15,2
DA:16,6
DA:18,3
LF:7
LH:7
end_of_record
SF:lib/features/car_management/presentation/screens/car_list_screen.dart
DA:11,1
DA:13,1
DA:14,1
DA:20,1
DA:22,1
DA:23,1
DA:24,1
DA:25,4
DA:28,1
DA:29,1
DA:32,2
DA:33,1
DA:34,2
DA:35,0
DA:36,0
DA:38,0
DA:39,0
DA:41,0
DA:42,0
DA:43,0
DA:45,0
DA:46,0
DA:47,0
DA:48,0
DA:61,1
DA:62,1
DA:65,1
DA:66,0
DA:67,0
DA:71,0
DA:72,0
DA:74,0
DA:76,0
DA:77,0
DA:78,0
DA:82,0
DA:84,0
DA:85,0
DA:86,0
DA:88,0
DA:89,0
DA:91,0
DA:92,0
DA:93,0
DA:94,0
DA:95,0
DA:96,0
DA:97,0
DA:98,0
DA:108,1
DA:110,0
DA:111,0
DA:112,0
DA:116,1
DA:117,0
DA:118,0
DA:121,1
LF:57
LH:19
end_of_record
SF:lib/core/widgets/custom_modals.dart
DA:6,0
DA:7,0
DA:8,0
DA:9,0
DA:15,0
DA:18,0
DA:19,0
DA:22,0
DA:24,0
DA:29,0
DA:30,0
DA:31,0
DA:32,0
DA:34,0
LF:14
LH:0
end_of_record
SF:lib/features/car_management/presentation/screens/add_car_screen.dart
DA:15,1
DA:17,1
DA:18,1
DA:24,1
DA:26,1
DA:27,1
DA:30,1
DA:31,1
DA:32,1
DA:33,1
DA:34,1
DA:35,1
DA:36,3
DA:38,1
DA:39,0
DA:42,1
DA:43,1
DA:46,1
DA:47,0
DA:48,0
DA:49,0
DA:50,0
DA:51,0
DA:52,0
DA:53,0
DA:55,0
DA:56,0
DA:57,0
DA:58,0
DA:60,0
DA:61,0
DA:62,0
DA:65,0
DA:66,0
DA:69,0
DA:70,0
DA:71,0
DA:72,0
DA:74,0
DA:75,0
DA:76,0
DA:77,0
DA:79,0
DA:84,0
DA:87,0
DA:88,0
DA:89,0
DA:90,0
DA:92,0
DA:93,0
DA:94,0
DA:95,0
DA:97,0
DA:98,0
DA:99,0
DA:100,0
DA:102,0
DA:104,0
DA:106,0
DA:109,0
DA:114,0
DA:117,0
DA:123,0
DA:138,0
DA:140,0
DA:141,0
DA:142,0
DA:146,1
DA:147,0
DA:148,0
DA:149,0
DA:150,0
DA:154,1
DA:155,0
DA:156,0
DA:159,1
DA:168,0
DA:171,0
DA:172,0
DA:173,0
DA:174,0
DA:176,0
DA:179,0
DA:180,0
DA:181,0
DA:182,0
DA:183,0
DA:184,0
DA:185,0
DA:186,0
DA:188,0
LF:91
LH:20
end_of_record
SF:lib/features/car_management/presentation/blocs/get_form_fields/get_form_fields_event.dart
LF:0
LH:0
end_of_record
SF:lib/features/car_management/presentation/widgets/form_generator_widget.dart
DA:10,1
DA:15,1
DA:16,1
DA:22,1
DA:24,1
DA:25,1
DA:28,1
DA:29,3
DA:30,3
DA:31,2
DA:34,2
DA:37,4
DA:38,1
DA:42,2
DA:44,1
DA:46,2
DA:47,1
DA:49,1
LF:18
LH:18
end_of_record
SF:lib/features/car_management/presentation/widgets/retry_btn.dart
DA:9,1
DA:15,1
DA:17,1
DA:19,1
DA:20,3
DA:21,1
DA:23,3
DA:25,1
DA:26,1
DA:27,1
DA:28,1
DA:29,1
LF:12
LH:12
end_of_record
SF:lib/features/car_management/presentation/widgets/car_item.dart
DA:12,1
DA:14,1
DA:16,1
DA:17,0
DA:18,1
DA:21,1
DA:22,2
DA:23,1
DA:25,1
DA:26,1
DA:28,6
DA:29,2
DA:30,4
DA:31,1
DA:32,2
DA:33,1
DA:34,1
DA:38,7
DA:39,0
DA:40,0
DA:41,0
DA:42,0
DA:43,0
DA:44,0
DA:45,0
DA:46,0
DA:47,0
DA:48,0
DA:51,0
DA:52,0
DA:53,0
DA:55,0
DA:56,0
DA:57,0
DA:58,0
DA:59,0
DA:60,0
DA:62,0
DA:63,0
DA:65,0
DA:67,0
DA:68,0
DA:74,0
DA:78,0
DA:79,0
DA:80,0
DA:81,0
DA:83,0
DA:84,0
DA:87,0
DA:88,0
DA:91,0
DA:92,0
DA:98,0
DA:99,0
DA:101,0
DA:102,0
DA:103,0
DA:104,0
DA:105,0
DA:106,0
DA:107,0
DA:108,0
DA:109,0
DA:112,0
DA:113,0
DA:114,0
DA:116,0
DA:117,0
DA:119,0
DA:120,0
DA:121,0
DA:138,1
DA:144,1
DA:146,1
DA:148,1
DA:150,1
DA:151,1
DA:152,1
DA:153,1
DA:156,1
DA:157,1
DA:158,1
DA:159,1
LF:84
LH:29
end_of_record
SF:lib/features/car_management/presentation/widgets/data_empty_widget.dart
DA:8,1
DA:13,1
DA:15,1
DA:17,1
DA:18,3
DA:23,1
DA:24,1
DA:25,1
DA:26,1
DA:27,1
LF:10
LH:10
end_of_record
SF:lib/features/car_management/presentation/widgets/drop_down_generator.dart
DA:8,2
DA:13,2
DA:14,2
DA:19,2
DA:21,2
DA:24,2
DA:26,2
DA:27,4
DA:28,9
DA:29,2
DA:32,2
DA:33,6
DA:34,8
DA:35,6
DA:38,4
DA:39,2
DA:40,0
DA:41,2
DA:42,6
DA:43,2
DA:45,4
DA:46,7
DA:47,2
DA:48,4
DA:49,9
DA:50,0
DA:51,0
LF:27
LH:24
end_of_record
SF:lib/features/car_management/presentation/widgets/image_picker_generator.dart
DA:12,2
DA:18,2
DA:19,2
DA:24,2
DA:26,2
DA:29,2
DA:31,2
DA:32,2
DA:33,2
DA:34,4
DA:35,9
DA:37,2
DA:38,2
DA:42,4
DA:43,2
DA:45,6
DA:46,1
DA:47,4
DA:48,2
DA:49,0
DA:50,0
DA:54,2
DA:56,0
DA:59,0
DA:61,0
DA:62,0
DA:63,0
DA:67,2
DA:69,4
DA:73,2
DA:74,6
DA:75,6
DA:79,9
DA:80,0
DA:82,0
DA:88,0
DA:89,0
DA:90,0
DA:91,0
DA:92,0
DA:93,0
DA:94,0
DA:95,0
DA:96,0
DA:97,0
DA:99,0
DA:100,0
DA:101,0
DA:103,0
DA:104,0
DA:105,0
DA:108,0
LF:52
LH:26
end_of_record
SF:lib/features/car_management/presentation/widgets/text_field_generator.dart
DA:10,2
DA:15,2
DA:17,2
DA:18,2
DA:19,9
DA:20,2
DA:22,8
DA:23,7
DA:24,1
DA:26,4
DA:27,5
DA:28,5
DA:29,2
DA:30,4
DA:31,5
DA:32,2
DA:33,7
DA:34,8
DA:35,0
DA:36,0
DA:38,2
DA:40,4
DA:41,7
DA:42,4
DA:43,7
DA:44,1
DA:45,4
LF:27
LH:25
end_of_record
SF:lib/features/car_management/presentation/blocs/get_cars/get_cars_event.dart
LF:0
LH:0
end_of_record
